<?xml version="1.0" encoding="UTF-8"?>
<testsuite name="stud.anna.AttachmentsTest" tests="2" skipped="0" failures="0" errors="0" timestamp="2023-01-05T15:21:08" hostname="DESKTOP-ANNA" time="9.231">
  <properties/>
  <testcase name="testLambdaAttachments()" classname="stud.anna.AttachmentsTest" time="7.709"/>
  <testcase name="testAnnotatedAttachments()" classname="stud.anna.AttachmentsTest" time="1.517"/>
  <system-out><![CDATA[]]></system-out>
  <system-err><![CDATA[Starting ChromeDriver 108.0.5359.71 (1e0e3868ee06e91ad636a874420e3ca3ae3756ac-refs/branch-heads/5359@{#1016}) on port 27763
Only local connections are allowed.
Please see https://chromedriver.chromium.org/security-considerations for suggestions on keeping ChromeDriver safe.
ChromeDriver was started successfully.
янв. 05, 2023 8:21:14 PM org.openqa.selenium.devtools.CdpVersionFinder findNearestMatch
WARNING: Unable to find an exact match for CDP version 108, so returning the closest version found: 107
]]></system-err>
</testsuite>
